<?xml version="1.0" encoding="UTF-8"?>
<coverage generated="1740018911218" clover="3.2.0">
  <project timestamp="1740018911218" name="All files">
    <metrics statements="28" coveredstatements="28" conditionals="8" coveredconditionals="8" methods="4" coveredmethods="4" elements="40" coveredelements="40" complexity="0" loc="28" ncloc="28" packages="2" files="4" classes="4"/>
    <package name="getProductById">
      <metrics statements="16" coveredstatements="16" conditionals="6" coveredconditionals="6" methods="2" coveredmethods="2"/>
      <file name="index.js" path="D:\Учёба\JavaScript\RSS\AWS Cloud Developer\task 3\aws-task-3\backend\lambda\getProductById\index.js">
        <metrics statements="15" coveredstatements="15" conditionals="6" coveredconditionals="6" methods="2" coveredmethods="2"/>
        <line num="1" count="1" type="stmt"/>
        <line num="2" count="1" type="stmt"/>
        <line num="9" count="1" type="stmt"/>
        <line num="11" count="5" type="cond" truecount="2" falsecount="0"/>
        <line num="12" count="1" type="stmt"/>
        <line num="19" count="4" type="stmt"/>
        <line num="21" count="4" type="stmt"/>
        <line num="23" count="4" type="cond" truecount="2" falsecount="0"/>
        <line num="24" count="1" type="stmt"/>
        <line num="31" count="51" type="stmt"/>
        <line num="33" count="2" type="cond" truecount="2" falsecount="0"/>
        <line num="34" count="1" type="stmt"/>
        <line num="41" count="1" type="stmt"/>
        <line num="47" count="1" type="stmt"/>
        <line num="48" count="1" type="stmt"/>
      </file>
      <file name="mockData.js" path="D:\Учёба\JavaScript\RSS\AWS Cloud Developer\task 3\aws-task-3\backend\lambda\getProductById\mockData.js">
        <metrics statements="1" coveredstatements="1" conditionals="0" coveredconditionals="0" methods="0" coveredmethods="0"/>
        <line num="1" count="1" type="stmt"/>
      </file>
    </package>
    <package name="getProductsList">
      <metrics statements="12" coveredstatements="12" conditionals="2" coveredconditionals="2" methods="2" coveredmethods="2"/>
      <file name="index.js" path="D:\Учёба\JavaScript\RSS\AWS Cloud Developer\task 3\aws-task-3\backend\lambda\getProductsList\index.js">
        <metrics statements="11" coveredstatements="11" conditionals="2" coveredconditionals="2" methods="2" coveredmethods="2"/>
        <line num="1" count="1" type="stmt"/>
        <line num="2" count="1" type="stmt"/>
        <line num="9" count="1" type="stmt"/>
        <line num="11" count="4" type="stmt"/>
        <line num="17" count="4" type="stmt"/>
        <line num="19" count="4" type="cond" truecount="2" falsecount="0"/>
        <line num="20" count="1" type="stmt"/>
        <line num="24" count="3" type="stmt"/>
        <line num="30" count="3" type="stmt"/>
        <line num="33" count="1" type="stmt"/>
        <line num="39" count="1" type="stmt"/>
      </file>
      <file name="mockData.js" path="D:\Учёба\JavaScript\RSS\AWS Cloud Developer\task 3\aws-task-3\backend\lambda\getProductsList\mockData.js">
        <metrics statements="1" coveredstatements="1" conditionals="0" coveredconditionals="0" methods="0" coveredmethods="0"/>
        <line num="1" count="1" type="stmt"/>
      </file>
    </package>
  </project>
</coverage>
