{"D:\\Учёба\\JavaScript\\RSS\\AWS Cloud Developer\\task 3\\aws-task-3\\backend\\lambda\\getProductById\\index.js": {"path":"D:\\Учёба\\JavaScript\\RSS\\AWS Cloud Developer\\task 3\\aws-task-3\\backend\\lambda\\getProductById\\index.js","statementMap":{"0":{"start":{"line":1,"column":21},"end":{"line":1,"column":42}},"1":{"start":{"line":2,"column":16},"end":{"line":7,"column":1}},"2":{"start":{"line":9,"column":0},"end":{"line":54,"column":2}},"3":{"start":{"line":11,"column":2},"end":{"line":17,"column":3}},"4":{"start":{"line":12,"column":4},"end":{"line":16,"column":6}},"5":{"start":{"line":19,"column":2},"end":{"line":53,"column":3}},"6":{"start":{"line":21,"column":22},"end":{"line":21,"column":53}},"7":{"start":{"line":23,"column":4},"end":{"line":29,"column":5}},"8":{"start":{"line":24,"column":6},"end":{"line":28,"column":8}},"9":{"start":{"line":31,"column":20},"end":{"line":31,"column":60}},"10":{"start":{"line":31,"column":41},"end":{"line":31,"column":59}},"11":{"start":{"line":33,"column":4},"end":{"line":39,"column":5}},"12":{"start":{"line":34,"column":6},"end":{"line":38,"column":8}},"13":{"start":{"line":41,"column":4},"end":{"line":45,"column":6}},"14":{"start":{"line":47,"column":4},"end":{"line":47,"column":35}},"15":{"start":{"line":48,"column":4},"end":{"line":52,"column":6}}},"fnMap":{"0":{"name":"(anonymous_0)","decl":{"start":{"line":9,"column":18},"end":{"line":9,"column":19}},"loc":{"start":{"line":9,"column":35},"end":{"line":54,"column":1}},"line":9},"1":{"name":"(anonymous_1)","decl":{"start":{"line":31,"column":34},"end":{"line":31,"column":35}},"loc":{"start":{"line":31,"column":41},"end":{"line":31,"column":59}},"line":31}},"branchMap":{"0":{"loc":{"start":{"line":11,"column":2},"end":{"line":17,"column":3}},"type":"if","locations":[{"start":{"line":11,"column":2},"end":{"line":17,"column":3}},{"start":{},"end":{}}],"line":11},"1":{"loc":{"start":{"line":23,"column":4},"end":{"line":29,"column":5}},"type":"if","locations":[{"start":{"line":23,"column":4},"end":{"line":29,"column":5}},{"start":{},"end":{}}],"line":23},"2":{"loc":{"start":{"line":33,"column":4},"end":{"line":39,"column":5}},"type":"if","locations":[{"start":{"line":33,"column":4},"end":{"line":39,"column":5}},{"start":{},"end":{}}],"line":33}},"s":{"0":1,"1":1,"2":1,"3":5,"4":1,"5":4,"6":4,"7":4,"8":1,"9":3,"10":51,"11":2,"12":1,"13":1,"14":1,"15":1},"f":{"0":5,"1":51},"b":{"0":[1,4],"1":[1,3],"2":[1,1]},"_coverageSchema":"1a1c01bbd47fc00a2c39e90264f33305004495a9","hash":"f6254fb5e4f9cad059f31a22075b1dc3472179b2"}
,"D:\\Учёба\\JavaScript\\RSS\\AWS Cloud Developer\\task 3\\aws-task-3\\backend\\lambda\\getProductById\\mockData.js": {"path":"D:\\Учёба\\JavaScript\\RSS\\AWS Cloud Developer\\task 3\\aws-task-3\\backend\\lambda\\getProductById\\mockData.js","statementMap":{"0":{"start":{"line":1,"column":0},"end":{"line":349,"column":2}}},"fnMap":{},"branchMap":{},"s":{"0":1},"f":{},"b":{},"_coverageSchema":"1a1c01bbd47fc00a2c39e90264f33305004495a9","hash":"ad0b7cc1365a0f70e8d67e846c7aba88a7ec5f37"}
,"D:\\Учёба\\JavaScript\\RSS\\AWS Cloud Developer\\task 3\\aws-task-3\\backend\\lambda\\getProductsList\\index.js": {"path":"D:\\Учёба\\JavaScript\\RSS\\AWS Cloud Developer\\task 3\\aws-task-3\\backend\\lambda\\getProductsList\\index.js","statementMap":{"0":{"start":{"line":1,"column":21},"end":{"line":1,"column":42}},"1":{"start":{"line":2,"column":16},"end":{"line":7,"column":1}},"2":{"start":{"line":9,"column":0},"end":{"line":44,"column":2}},"3":{"start":{"line":11,"column":25},"end":{"line":15,"column":4}},"4":{"start":{"line":11,"column":48},"end":{"line":15,"column":3}},"5":{"start":{"line":17,"column":2},"end":{"line":43,"column":3}},"6":{"start":{"line":19,"column":4},"end":{"line":21,"column":5}},"7":{"start":{"line":20,"column":6},"end":{"line":20,"column":65}},"8":{"start":{"line":24,"column":4},"end":{"line":27,"column":7}},"9":{"start":{"line":30,"column":4},"end":{"line":30,"column":41}},"10":{"start":{"line":33,"column":4},"end":{"line":37,"column":7}},"11":{"start":{"line":39,"column":4},"end":{"line":42,"column":7}}},"fnMap":{"0":{"name":"(anonymous_0)","decl":{"start":{"line":9,"column":18},"end":{"line":9,"column":19}},"loc":{"start":{"line":9,"column":35},"end":{"line":44,"column":1}},"line":9},"1":{"name":"(anonymous_1)","decl":{"start":{"line":11,"column":25},"end":{"line":11,"column":26}},"loc":{"start":{"line":11,"column":48},"end":{"line":15,"column":3}},"line":11}},"branchMap":{"0":{"loc":{"start":{"line":19,"column":4},"end":{"line":21,"column":5}},"type":"if","locations":[{"start":{"line":19,"column":4},"end":{"line":21,"column":5}},{"start":{},"end":{}}],"line":19}},"s":{"0":1,"1":1,"2":1,"3":4,"4":4,"5":4,"6":4,"7":1,"8":3,"9":3,"10":1,"11":1},"f":{"0":4,"1":4},"b":{"0":[1,3]},"_coverageSchema":"1a1c01bbd47fc00a2c39e90264f33305004495a9","hash":"ce8a757af72f3fd8c6117376e3987ea426482349"}
,"D:\\Учёба\\JavaScript\\RSS\\AWS Cloud Developer\\task 3\\aws-task-3\\backend\\lambda\\getProductsList\\mockData.js": {"path":"D:\\Учёба\\JavaScript\\RSS\\AWS Cloud Developer\\task 3\\aws-task-3\\backend\\lambda\\getProductsList\\mockData.js","statementMap":{"0":{"start":{"line":1,"column":0},"end":{"line":349,"column":2}}},"fnMap":{},"branchMap":{},"s":{"0":1},"f":{},"b":{},"_coverageSchema":"1a1c01bbd47fc00a2c39e90264f33305004495a9","hash":"d9e4511c8e89fe8c620eb05aed9af9c199a1c83b"}
}
