TN:
SF:lambda\getProductById\index.js
FN:9,(anonymous_0)
FN:31,(anonymous_1)
FNF:2
FNH:2
FNDA:5,(anonymous_0)
FNDA:51,(anonymous_1)
DA:1,1
DA:2,1
DA:9,1
DA:11,5
DA:12,1
DA:19,4
DA:21,4
DA:23,4
DA:24,1
DA:31,51
DA:33,2
DA:34,1
DA:41,1
DA:47,1
DA:48,1
LF:15
LH:15
BRDA:11,0,0,1
BRDA:11,0,1,4
BRDA:23,1,0,1
BRDA:23,1,1,3
BRDA:33,2,0,1
BRDA:33,2,1,1
BRF:6
BRH:6
end_of_record
TN:
SF:lambda\getProductById\mockData.js
FNF:0
FNH:0
DA:1,1
LF:1
LH:1
BRF:0
BRH:0
end_of_record
TN:
SF:lambda\getProductsList\index.js
FN:9,(anonymous_0)
FN:11,(anonymous_1)
FNF:2
FNH:2
FNDA:4,(anonymous_0)
FNDA:4,(anonymous_1)
DA:1,1
DA:2,1
DA:9,1
DA:11,4
DA:17,4
DA:19,4
DA:20,1
DA:24,3
DA:30,3
DA:33,1
DA:39,1
LF:11
LH:11
BRDA:19,0,0,1
BRDA:19,0,1,3
BRF:2
BRH:2
end_of_record
TN:
SF:lambda\getProductsList\mockData.js
FNF:0
FNH:0
DA:1,1
LF:1
LH:1
BRF:0
BRH:0
end_of_record
