{"D:\\Учёба\\JavaScript\\RSS\\AWS Cloud Developer\\task 3\\aws-task-3\\backend\\lambda\\getProductById\\index.js": {"path":"D:\\Учёба\\JavaScript\\RSS\\AWS Cloud Developer\\task 3\\aws-task-3\\backend\\lambda\\getProductById\\index.js","statementMap":{"0":{"start":{"line":1,"column":21},"end":{"line":1,"column":42}},"1":{"start":{"line":3,"column":0},"end":{"line":52,"column":2}},"2":{"start":{"line":4,"column":2},"end":{"line":50,"column":3}},"3":{"start":{"line":5,"column":22},"end":{"line":5,"column":37}},"4":{"start":{"line":7,"column":4},"end":{"line":16,"column":5}},"5":{"start":{"line":8,"column":6},"end":{"line":15,"column":8}},"6":{"start":{"line":18,"column":20},"end":{"line":18,"column":58}},"7":{"start":{"line":18,"column":39},"end":{"line":18,"column":57}},"8":{"start":{"line":20,"column":4},"end":{"line":29,"column":5}},"9":{"start":{"line":21,"column":6},"end":{"line":28,"column":8}},"10":{"start":{"line":31,"column":4},"end":{"line":38,"column":6}},"11":{"start":{"line":41,"column":4},"end":{"line":41,"column":35}},"12":{"start":{"line":42,"column":4},"end":{"line":49,"column":6}}},"fnMap":{"0":{"name":"(anonymous_0)","decl":{"start":{"line":3,"column":18},"end":{"line":3,"column":19}},"loc":{"start":{"line":3,"column":35},"end":{"line":52,"column":1}},"line":3},"1":{"name":"(anonymous_1)","decl":{"start":{"line":18,"column":34},"end":{"line":18,"column":35}},"loc":{"start":{"line":18,"column":39},"end":{"line":18,"column":57}},"line":18}},"branchMap":{"0":{"loc":{"start":{"line":7,"column":4},"end":{"line":16,"column":5}},"type":"if","locations":[{"start":{"line":7,"column":4},"end":{"line":16,"column":5}},{"start":{},"end":{}}],"line":7},"1":{"loc":{"start":{"line":20,"column":4},"end":{"line":29,"column":5}},"type":"if","locations":[{"start":{"line":20,"column":4},"end":{"line":29,"column":5}},{"start":{},"end":{}}],"line":20}},"s":{"0":1,"1":1,"2":4,"3":4,"4":3,"5":1,"6":2,"7":51,"8":2,"9":1,"10":1,"11":1,"12":1},"f":{"0":4,"1":51},"b":{"0":[1,2],"1":[1,1]},"_coverageSchema":"1a1c01bbd47fc00a2c39e90264f33305004495a9","hash":"fa9e7f51d8c57be5a13f42491aab4927e049458d"}
,"D:\\Учёба\\JavaScript\\RSS\\AWS Cloud Developer\\task 3\\aws-task-3\\backend\\lambda\\getProductById\\mockData.js": {"path":"D:\\Учёба\\JavaScript\\RSS\\AWS Cloud Developer\\task 3\\aws-task-3\\backend\\lambda\\getProductById\\mockData.js","statementMap":{"0":{"start":{"line":1,"column":0},"end":{"line":349,"column":2}}},"fnMap":{},"branchMap":{},"s":{"0":1},"f":{},"b":{},"_coverageSchema":"1a1c01bbd47fc00a2c39e90264f33305004495a9","hash":"ad0b7cc1365a0f70e8d67e846c7aba88a7ec5f37"}
,"D:\\Учёба\\JavaScript\\RSS\\AWS Cloud Developer\\task 3\\aws-task-3\\backend\\lambda\\getProductsList\\index.js": {"path":"D:\\Учёба\\JavaScript\\RSS\\AWS Cloud Developer\\task 3\\aws-task-3\\backend\\lambda\\getProductsList\\index.js","statementMap":{"0":{"start":{"line":1,"column":21},"end":{"line":1,"column":42}},"1":{"start":{"line":3,"column":0},"end":{"line":45,"column":2}},"2":{"start":{"line":5,"column":18},"end":{"line":9,"column":3}},"3":{"start":{"line":12,"column":25},"end":{"line":16,"column":4}},"4":{"start":{"line":12,"column":48},"end":{"line":16,"column":3}},"5":{"start":{"line":18,"column":2},"end":{"line":44,"column":3}},"6":{"start":{"line":20,"column":4},"end":{"line":22,"column":5}},"7":{"start":{"line":21,"column":6},"end":{"line":21,"column":65}},"8":{"start":{"line":25,"column":4},"end":{"line":28,"column":7}},"9":{"start":{"line":31,"column":4},"end":{"line":31,"column":41}},"10":{"start":{"line":34,"column":4},"end":{"line":38,"column":7}},"11":{"start":{"line":40,"column":4},"end":{"line":43,"column":7}}},"fnMap":{"0":{"name":"(anonymous_0)","decl":{"start":{"line":3,"column":18},"end":{"line":3,"column":19}},"loc":{"start":{"line":3,"column":35},"end":{"line":45,"column":1}},"line":3},"1":{"name":"(anonymous_1)","decl":{"start":{"line":12,"column":25},"end":{"line":12,"column":26}},"loc":{"start":{"line":12,"column":48},"end":{"line":16,"column":3}},"line":12}},"branchMap":{"0":{"loc":{"start":{"line":20,"column":4},"end":{"line":22,"column":5}},"type":"if","locations":[{"start":{"line":20,"column":4},"end":{"line":22,"column":5}},{"start":{},"end":{}}],"line":20}},"s":{"0":1,"1":1,"2":4,"3":4,"4":4,"5":4,"6":4,"7":1,"8":3,"9":3,"10":1,"11":1},"f":{"0":4,"1":4},"b":{"0":[1,3]},"_coverageSchema":"1a1c01bbd47fc00a2c39e90264f33305004495a9","hash":"8688fb690dc9aa8048a3cc1f424a2ffe5b773dd1"}
,"D:\\Учёба\\JavaScript\\RSS\\AWS Cloud Developer\\task 3\\aws-task-3\\backend\\lambda\\getProductsList\\mockData.js": {"path":"D:\\Учёба\\JavaScript\\RSS\\AWS Cloud Developer\\task 3\\aws-task-3\\backend\\lambda\\getProductsList\\mockData.js","statementMap":{"0":{"start":{"line":1,"column":0},"end":{"line":349,"column":2}}},"fnMap":{},"branchMap":{},"s":{"0":1},"f":{},"b":{},"_coverageSchema":"1a1c01bbd47fc00a2c39e90264f33305004495a9","hash":"d9e4511c8e89fe8c620eb05aed9af9c199a1c83b"}
}
