TN:
SF:backend\lambda\getProductById\index.js
FN:3,(anonymous_0)
FN:18,(anonymous_1)
FNF:2
FNH:2
FNDA:4,(anonymous_0)
FNDA:51,(anonymous_1)
DA:1,1
DA:3,1
DA:4,4
DA:5,4
DA:7,3
DA:8,1
DA:18,51
DA:20,2
DA:21,1
DA:31,1
DA:41,1
DA:42,1
LF:12
LH:12
BRDA:7,0,0,1
BRDA:7,0,1,2
BRDA:20,1,0,1
BRDA:20,1,1,1
BRF:4
BRH:4
end_of_record
TN:
SF:backend\lambda\getProductById\mockData.js
FNF:0
FNH:0
DA:1,1
LF:1
LH:1
BRF:0
BRH:0
end_of_record
TN:
SF:backend\lambda\getProductsList\index.js
FN:3,(anonymous_0)
FN:12,(anonymous_1)
FNF:2
FNH:2
FNDA:4,(anonymous_0)
FNDA:4,(anonymous_1)
DA:1,1
DA:3,1
DA:5,4
DA:12,4
DA:18,4
DA:20,4
DA:21,1
DA:25,3
DA:31,3
DA:34,1
DA:40,1
LF:11
LH:11
BRDA:20,0,0,1
BRDA:20,0,1,3
BRF:2
BRH:2
end_of_record
TN:
SF:backend\lambda\getProductsList\mockData.js
FNF:0
FNH:0
DA:1,1
LF:1
LH:1
BRF:0
BRH:0
end_of_record
